<?xml version="1.0" encoding="UTF-8"?>
<!-- Generated by org.testng.reporters.JUnitXMLReporter -->
<testsuite ignored="0" hostname="FemiTunde" failures="0" tests="7" name="Default test" time="56.448" errors="0" timestamp="2020-03-31T19:01:28 BST">
  <testcase classname="allureReports.RegisterandLogin" name="@BeforeClass setupinstance" time="19.281">
    <failure type="org.openqa.selenium.WebDriverException" message="unknown error: Chrome failed to start: exited normally.
  (chrome not reachable)
  (The process started from chrome location C:\Program Files (x86)\Google\Chrome\Application\chrome.exe is no longer running, so ChromeDriver is assuming that Chrome has crashed.)
Build info: version: &amp;apos;3.141.59&amp;apos;, revision: &amp;apos;e82be7d358&amp;apos;, time: &amp;apos;2018-11-14T08:17:03&amp;apos;
System info: host: &amp;apos;FEMITUNDE&amp;apos;, ip: &amp;apos;192.168.0.27&amp;apos;, os.name: &amp;apos;Windows 10&amp;apos;, os.arch: &amp;apos;amd64&amp;apos;, os.version: &amp;apos;10.0&amp;apos;, java.version: &amp;apos;12.0.1&amp;apos;
Driver info: driver.version: ChromeDriver
remote stacktrace: Backtrace:
	Ordinal0 [0x01040C83+1707139]
	Ordinal0 [0x00FA68F1+1075441]
	Ordinal0 [0x00F1DFC9+516041]
	Ordinal0 [0x00EAD373+54131]
	Ordinal0 [0x00ECBFD7+180183]
	Ordinal0 [0x00ECBDDD+179677]
	Ordinal0 [0x00EC9D4B+171339]
	Ordinal0 [0x00EB1D4A+73034]
	Ordinal0 [0x00EB2DC0+77248]
	Ordinal0 [0x00EB2D59+77145]
	Ordinal0 [0x00FBBB67+1162087]
	GetHandleVerifier [0x010DA966+508998]
	GetHandleVerifier [0x010DA6A4+508292]
	GetHandleVerifier [0x010EF7B7+594583]
	GetHandleVerifier [0x010DB1D6+511158]
	Ordinal0 [0x00FB402C+1130540]
	Ordinal0 [0x00FBD4CB+1168587]
	Ordinal0 [0x00FBD633+1168947]
	Ordinal0 [0x00FD5B35+1268533]
	BaseThreadInitThunk [0x76766359+25]
	RtlGetAppContainerNamedObjectPath [0x778F7B74+228]
	RtlGetAppContainerNamedObjectPath [0x778F7B44+180]
">
      <![CDATA[org.openqa.selenium.WebDriverException: unknown error: Chrome failed to start: exited normally.
  (chrome not reachable)
  (The process started from chrome location C:\Program Files (x86)\Google\Chrome\Application\chrome.exe is no longer running, so ChromeDriver is assuming that Chrome has crashed.)
Build info: version: '3.141.59', revision: 'e82be7d358', time: '2018-11-14T08:17:03'
System info: host: 'FEMITUNDE', ip: '192.168.0.27', os.name: 'Windows 10', os.arch: 'amd64', os.version: '10.0', java.version: '12.0.1'
Driver info: driver.version: ChromeDriver
remote stacktrace: Backtrace:
Ordinal0 [0x01040C83+1707139]
Ordinal0 [0x00FA68F1+1075441]
Ordinal0 [0x00F1DFC9+516041]
Ordinal0 [0x00EAD373+54131]
Ordinal0 [0x00ECBFD7+180183]
Ordinal0 [0x00ECBDDD+179677]
Ordinal0 [0x00EC9D4B+171339]
Ordinal0 [0x00EB1D4A+73034]
Ordinal0 [0x00EB2DC0+77248]
Ordinal0 [0x00EB2D59+77145]
Ordinal0 [0x00FBBB67+1162087]
GetHandleVerifier [0x010DA966+508998]
GetHandleVerifier [0x010DA6A4+508292]
GetHandleVerifier [0x010EF7B7+594583]
GetHandleVerifier [0x010DB1D6+511158]
Ordinal0 [0x00FB402C+1130540]
Ordinal0 [0x00FBD4CB+1168587]
Ordinal0 [0x00FBD633+1168947]
Ordinal0 [0x00FD5B35+1268533]
BaseThreadInitThunk [0x76766359+25]
RtlGetAppContainerNamedObjectPath [0x778F7B74+228]
RtlGetAppContainerNamedObjectPath [0x778F7B44+180]

at java.base/jdk.internal.reflect.NativeConstructorAccessorImpl.newInstance0(Native Method)
at java.base/jdk.internal.reflect.NativeConstructorAccessorImpl.newInstance(NativeConstructorAccessorImpl.java:62)
at java.base/jdk.internal.reflect.DelegatingConstructorAccessorImpl.newInstance(DelegatingConstructorAccessorImpl.java:45)
at java.base/java.lang.reflect.Constructor.newInstanceWithCaller(Constructor.java:500)
at java.base/java.lang.reflect.Constructor.newInstance(Constructor.java:481)
at org.openqa.selenium.remote.W3CHandshakeResponse.lambda$errorHandler$0(W3CHandshakeResponse.java:62)
at org.openqa.selenium.remote.HandshakeResponse.lambda$getResponseFunction$0(HandshakeResponse.java:30)
at org.openqa.selenium.remote.ProtocolHandshake.lambda$createSession$0(ProtocolHandshake.java:126)
at java.base/java.util.stream.ReferencePipeline$3$1.accept(ReferencePipeline.java:195)
at java.base/java.util.Spliterators$ArraySpliterator.tryAdvance(Spliterators.java:958)
at java.base/java.util.stream.ReferencePipeline.forEachWithCancel(ReferencePipeline.java:127)
at java.base/java.util.stream.AbstractPipeline.copyIntoWithCancel(AbstractPipeline.java:502)
at java.base/java.util.stream.AbstractPipeline.copyInto(AbstractPipeline.java:488)
at java.base/java.util.stream.AbstractPipeline.wrapAndCopyInto(AbstractPipeline.java:474)
at java.base/java.util.stream.FindOps$FindOp.evaluateSequential(FindOps.java:150)
at java.base/java.util.stream.AbstractPipeline.evaluate(AbstractPipeline.java:234)
at java.base/java.util.stream.ReferencePipeline.findFirst(ReferencePipeline.java:543)
at org.openqa.selenium.remote.ProtocolHandshake.createSession(ProtocolHandshake.java:128)
at org.openqa.selenium.remote.ProtocolHandshake.createSession(ProtocolHandshake.java:74)
at org.openqa.selenium.remote.HttpCommandExecutor.execute(HttpCommandExecutor.java:136)
at org.openqa.selenium.remote.service.DriverCommandExecutor.execute(DriverCommandExecutor.java:83)
at org.openqa.selenium.remote.RemoteWebDriver.execute(RemoteWebDriver.java:552)
at org.openqa.selenium.remote.RemoteWebDriver.startSession(RemoteWebDriver.java:213)
at org.openqa.selenium.remote.RemoteWebDriver.<init>(RemoteWebDriver.java:131)
at org.openqa.selenium.chrome.ChromeDriver.<init>(ChromeDriver.java:181)
at org.openqa.selenium.chrome.ChromeDriver.<init>(ChromeDriver.java:168)
at org.openqa.selenium.chrome.ChromeDriver.<init>(ChromeDriver.java:123)
at allureReports.BaseClass.initialize_driver(BaseClass.java:20)
at allureReports.RegisterandLogin.setupinstance(RegisterandLogin.java:28)
at java.base/jdk.internal.reflect.NativeMethodAccessorImpl.invoke0(Native Method)
at java.base/jdk.internal.reflect.NativeMethodAccessorImpl.invoke(NativeMethodAccessorImpl.java:62)
at java.base/jdk.internal.reflect.DelegatingMethodAccessorImpl.invoke(DelegatingMethodAccessorImpl.java:43)
at java.base/java.lang.reflect.Method.invoke(Method.java:567)
at org.testng.internal.MethodInvocationHelper.invokeMethod(MethodInvocationHelper.java:135)
at org.testng.internal.MethodInvocationHelper.invokeMethodConsideringTimeout(MethodInvocationHelper.java:64)
at org.testng.internal.ConfigInvoker.invokeConfigurationMethod(ConfigInvoker.java:364)
at org.testng.internal.ConfigInvoker.invokeConfigurations(ConfigInvoker.java:318)
at org.testng.internal.TestMethodWorker.invokeBeforeClassMethods(TestMethodWorker.java:176)
at org.testng.internal.TestMethodWorker.run(TestMethodWorker.java:122)
at java.base/java.util.ArrayList.forEach(ArrayList.java:1540)
at org.testng.TestRunner.privateRun(TestRunner.java:767)
at org.testng.TestRunner.run(TestRunner.java:588)
at org.testng.SuiteRunner.runTest(SuiteRunner.java:384)
at org.testng.SuiteRunner.runSequentially(SuiteRunner.java:378)
at org.testng.SuiteRunner.privateRun(SuiteRunner.java:337)
at org.testng.SuiteRunner.run(SuiteRunner.java:286)
at org.testng.SuiteRunnerWorker.runSuite(SuiteRunnerWorker.java:53)
at org.testng.SuiteRunnerWorker.run(SuiteRunnerWorker.java:96)
at org.testng.TestNG.runSuitesSequentially(TestNG.java:1214)
at org.testng.TestNG.runSuitesLocally(TestNG.java:1136)
at org.testng.TestNG.runSuites(TestNG.java:1066)
at org.testng.TestNG.run(TestNG.java:1034)
at org.testng.remote.AbstractRemoteTestNG.run(AbstractRemoteTestNG.java:115)
at org.testng.remote.RemoteTestNG.initAndRun(RemoteTestNG.java:251)
at org.testng.remote.RemoteTestNG.main(RemoteTestNG.java:77)
]]>
    </failure>
  </testcase> <!-- @BeforeClass setupinstance -->
  <testcase classname="allureReports.FeaturedProduct" name="@BeforeClass setupinstance" time="10.957">
    <failure type="org.openqa.selenium.WebDriverException" message="unknown error: Chrome failed to start: exited normally.
  (chrome not reachable)
  (The process started from chrome location C:\Program Files (x86)\Google\Chrome\Application\chrome.exe is no longer running, so ChromeDriver is assuming that Chrome has crashed.)
Build info: version: &amp;apos;3.141.59&amp;apos;, revision: &amp;apos;e82be7d358&amp;apos;, time: &amp;apos;2018-11-14T08:17:03&amp;apos;
System info: host: &amp;apos;FEMITUNDE&amp;apos;, ip: &amp;apos;192.168.0.27&amp;apos;, os.name: &amp;apos;Windows 10&amp;apos;, os.arch: &amp;apos;amd64&amp;apos;, os.version: &amp;apos;10.0&amp;apos;, java.version: &amp;apos;12.0.1&amp;apos;
Driver info: driver.version: ChromeDriver
remote stacktrace: Backtrace:
	Ordinal0 [0x01040C83+1707139]
	Ordinal0 [0x00FA68F1+1075441]
	Ordinal0 [0x00F1DFC9+516041]
	Ordinal0 [0x00EAD373+54131]
	Ordinal0 [0x00ECBFD7+180183]
	Ordinal0 [0x00ECBDDD+179677]
	Ordinal0 [0x00EC9D4B+171339]
	Ordinal0 [0x00EB1D4A+73034]
	Ordinal0 [0x00EB2DC0+77248]
	Ordinal0 [0x00EB2D59+77145]
	Ordinal0 [0x00FBBB67+1162087]
	GetHandleVerifier [0x010DA966+508998]
	GetHandleVerifier [0x010DA6A4+508292]
	GetHandleVerifier [0x010EF7B7+594583]
	GetHandleVerifier [0x010DB1D6+511158]
	Ordinal0 [0x00FB402C+1130540]
	Ordinal0 [0x00FBD4CB+1168587]
	Ordinal0 [0x00FBD633+1168947]
	Ordinal0 [0x00FD5B35+1268533]
	BaseThreadInitThunk [0x76766359+25]
	RtlGetAppContainerNamedObjectPath [0x778F7B74+228]
	RtlGetAppContainerNamedObjectPath [0x778F7B44+180]
">
      <![CDATA[org.openqa.selenium.WebDriverException: unknown error: Chrome failed to start: exited normally.
  (chrome not reachable)
  (The process started from chrome location C:\Program Files (x86)\Google\Chrome\Application\chrome.exe is no longer running, so ChromeDriver is assuming that Chrome has crashed.)
Build info: version: '3.141.59', revision: 'e82be7d358', time: '2018-11-14T08:17:03'
System info: host: 'FEMITUNDE', ip: '192.168.0.27', os.name: 'Windows 10', os.arch: 'amd64', os.version: '10.0', java.version: '12.0.1'
Driver info: driver.version: ChromeDriver
remote stacktrace: Backtrace:
Ordinal0 [0x01040C83+1707139]
Ordinal0 [0x00FA68F1+1075441]
Ordinal0 [0x00F1DFC9+516041]
Ordinal0 [0x00EAD373+54131]
Ordinal0 [0x00ECBFD7+180183]
Ordinal0 [0x00ECBDDD+179677]
Ordinal0 [0x00EC9D4B+171339]
Ordinal0 [0x00EB1D4A+73034]
Ordinal0 [0x00EB2DC0+77248]
Ordinal0 [0x00EB2D59+77145]
Ordinal0 [0x00FBBB67+1162087]
GetHandleVerifier [0x010DA966+508998]
GetHandleVerifier [0x010DA6A4+508292]
GetHandleVerifier [0x010EF7B7+594583]
GetHandleVerifier [0x010DB1D6+511158]
Ordinal0 [0x00FB402C+1130540]
Ordinal0 [0x00FBD4CB+1168587]
Ordinal0 [0x00FBD633+1168947]
Ordinal0 [0x00FD5B35+1268533]
BaseThreadInitThunk [0x76766359+25]
RtlGetAppContainerNamedObjectPath [0x778F7B74+228]
RtlGetAppContainerNamedObjectPath [0x778F7B44+180]

at java.base/jdk.internal.reflect.NativeConstructorAccessorImpl.newInstance0(Native Method)
at java.base/jdk.internal.reflect.NativeConstructorAccessorImpl.newInstance(NativeConstructorAccessorImpl.java:62)
at java.base/jdk.internal.reflect.DelegatingConstructorAccessorImpl.newInstance(DelegatingConstructorAccessorImpl.java:45)
at java.base/java.lang.reflect.Constructor.newInstanceWithCaller(Constructor.java:500)
at java.base/java.lang.reflect.Constructor.newInstance(Constructor.java:481)
at org.openqa.selenium.remote.W3CHandshakeResponse.lambda$errorHandler$0(W3CHandshakeResponse.java:62)
at org.openqa.selenium.remote.HandshakeResponse.lambda$getResponseFunction$0(HandshakeResponse.java:30)
at org.openqa.selenium.remote.ProtocolHandshake.lambda$createSession$0(ProtocolHandshake.java:126)
at java.base/java.util.stream.ReferencePipeline$3$1.accept(ReferencePipeline.java:195)
at java.base/java.util.Spliterators$ArraySpliterator.tryAdvance(Spliterators.java:958)
at java.base/java.util.stream.ReferencePipeline.forEachWithCancel(ReferencePipeline.java:127)
at java.base/java.util.stream.AbstractPipeline.copyIntoWithCancel(AbstractPipeline.java:502)
at java.base/java.util.stream.AbstractPipeline.copyInto(AbstractPipeline.java:488)
at java.base/java.util.stream.AbstractPipeline.wrapAndCopyInto(AbstractPipeline.java:474)
at java.base/java.util.stream.FindOps$FindOp.evaluateSequential(FindOps.java:150)
at java.base/java.util.stream.AbstractPipeline.evaluate(AbstractPipeline.java:234)
at java.base/java.util.stream.ReferencePipeline.findFirst(ReferencePipeline.java:543)
at org.openqa.selenium.remote.ProtocolHandshake.createSession(ProtocolHandshake.java:128)
at org.openqa.selenium.remote.ProtocolHandshake.createSession(ProtocolHandshake.java:74)
at org.openqa.selenium.remote.HttpCommandExecutor.execute(HttpCommandExecutor.java:136)
at org.openqa.selenium.remote.service.DriverCommandExecutor.execute(DriverCommandExecutor.java:83)
at org.openqa.selenium.remote.RemoteWebDriver.execute(RemoteWebDriver.java:552)
at org.openqa.selenium.remote.RemoteWebDriver.startSession(RemoteWebDriver.java:213)
at org.openqa.selenium.remote.RemoteWebDriver.<init>(RemoteWebDriver.java:131)
at org.openqa.selenium.chrome.ChromeDriver.<init>(ChromeDriver.java:181)
at org.openqa.selenium.chrome.ChromeDriver.<init>(ChromeDriver.java:168)
at org.openqa.selenium.chrome.ChromeDriver.<init>(ChromeDriver.java:123)
at allureReports.BaseClass.initialize_driver(BaseClass.java:20)
at allureReports.FeaturedProduct.setupinstance(FeaturedProduct.java:34)
at java.base/jdk.internal.reflect.NativeMethodAccessorImpl.invoke0(Native Method)
at java.base/jdk.internal.reflect.NativeMethodAccessorImpl.invoke(NativeMethodAccessorImpl.java:62)
at java.base/jdk.internal.reflect.DelegatingMethodAccessorImpl.invoke(DelegatingMethodAccessorImpl.java:43)
at java.base/java.lang.reflect.Method.invoke(Method.java:567)
at org.testng.internal.MethodInvocationHelper.invokeMethod(MethodInvocationHelper.java:135)
at org.testng.internal.MethodInvocationHelper.invokeMethodConsideringTimeout(MethodInvocationHelper.java:64)
at org.testng.internal.ConfigInvoker.invokeConfigurationMethod(ConfigInvoker.java:364)
at org.testng.internal.ConfigInvoker.invokeConfigurations(ConfigInvoker.java:318)
at org.testng.internal.TestMethodWorker.invokeBeforeClassMethods(TestMethodWorker.java:176)
at org.testng.internal.TestMethodWorker.run(TestMethodWorker.java:122)
at java.base/java.util.ArrayList.forEach(ArrayList.java:1540)
at org.testng.TestRunner.privateRun(TestRunner.java:767)
at org.testng.TestRunner.run(TestRunner.java:588)
at org.testng.SuiteRunner.runTest(SuiteRunner.java:384)
at org.testng.SuiteRunner.runSequentially(SuiteRunner.java:378)
at org.testng.SuiteRunner.privateRun(SuiteRunner.java:337)
at org.testng.SuiteRunner.run(SuiteRunner.java:286)
at org.testng.SuiteRunnerWorker.runSuite(SuiteRunnerWorker.java:53)
at org.testng.SuiteRunnerWorker.run(SuiteRunnerWorker.java:96)
at org.testng.TestNG.runSuitesSequentially(TestNG.java:1214)
at org.testng.TestNG.runSuitesLocally(TestNG.java:1136)
at org.testng.TestNG.runSuites(TestNG.java:1066)
at org.testng.TestNG.run(TestNG.java:1034)
at org.testng.remote.AbstractRemoteTestNG.run(AbstractRemoteTestNG.java:115)
at org.testng.remote.RemoteTestNG.initAndRun(RemoteTestNG.java:251)
at org.testng.remote.RemoteTestNG.main(RemoteTestNG.java:77)
]]>
    </failure>
  </testcase> <!-- @BeforeClass setupinstance -->
  <testcase classname="allureReports.Contact" name="@BeforeClass setupinstance" time="12.521">
    <failure type="org.openqa.selenium.WebDriverException" message="unknown error: Chrome failed to start: exited normally.
  (chrome not reachable)
  (The process started from chrome location C:\Program Files (x86)\Google\Chrome\Application\chrome.exe is no longer running, so ChromeDriver is assuming that Chrome has crashed.)
Build info: version: &amp;apos;3.141.59&amp;apos;, revision: &amp;apos;e82be7d358&amp;apos;, time: &amp;apos;2018-11-14T08:17:03&amp;apos;
System info: host: &amp;apos;FEMITUNDE&amp;apos;, ip: &amp;apos;192.168.0.27&amp;apos;, os.name: &amp;apos;Windows 10&amp;apos;, os.arch: &amp;apos;amd64&amp;apos;, os.version: &amp;apos;10.0&amp;apos;, java.version: &amp;apos;12.0.1&amp;apos;
Driver info: driver.version: ChromeDriver
remote stacktrace: Backtrace:
	Ordinal0 [0x01040C83+1707139]
	Ordinal0 [0x00FA68F1+1075441]
	Ordinal0 [0x00F1DFC9+516041]
	Ordinal0 [0x00EAD373+54131]
	Ordinal0 [0x00ECBFD7+180183]
	Ordinal0 [0x00ECBDDD+179677]
	Ordinal0 [0x00EC9D4B+171339]
	Ordinal0 [0x00EB1D4A+73034]
	Ordinal0 [0x00EB2DC0+77248]
	Ordinal0 [0x00EB2D59+77145]
	Ordinal0 [0x00FBBB67+1162087]
	GetHandleVerifier [0x010DA966+508998]
	GetHandleVerifier [0x010DA6A4+508292]
	GetHandleVerifier [0x010EF7B7+594583]
	GetHandleVerifier [0x010DB1D6+511158]
	Ordinal0 [0x00FB402C+1130540]
	Ordinal0 [0x00FBD4CB+1168587]
	Ordinal0 [0x00FBD633+1168947]
	Ordinal0 [0x00FD5B35+1268533]
	BaseThreadInitThunk [0x76766359+25]
	RtlGetAppContainerNamedObjectPath [0x778F7B74+228]
	RtlGetAppContainerNamedObjectPath [0x778F7B44+180]
">
      <![CDATA[org.openqa.selenium.WebDriverException: unknown error: Chrome failed to start: exited normally.
  (chrome not reachable)
  (The process started from chrome location C:\Program Files (x86)\Google\Chrome\Application\chrome.exe is no longer running, so ChromeDriver is assuming that Chrome has crashed.)
Build info: version: '3.141.59', revision: 'e82be7d358', time: '2018-11-14T08:17:03'
System info: host: 'FEMITUNDE', ip: '192.168.0.27', os.name: 'Windows 10', os.arch: 'amd64', os.version: '10.0', java.version: '12.0.1'
Driver info: driver.version: ChromeDriver
remote stacktrace: Backtrace:
Ordinal0 [0x01040C83+1707139]
Ordinal0 [0x00FA68F1+1075441]
Ordinal0 [0x00F1DFC9+516041]
Ordinal0 [0x00EAD373+54131]
Ordinal0 [0x00ECBFD7+180183]
Ordinal0 [0x00ECBDDD+179677]
Ordinal0 [0x00EC9D4B+171339]
Ordinal0 [0x00EB1D4A+73034]
Ordinal0 [0x00EB2DC0+77248]
Ordinal0 [0x00EB2D59+77145]
Ordinal0 [0x00FBBB67+1162087]
GetHandleVerifier [0x010DA966+508998]
GetHandleVerifier [0x010DA6A4+508292]
GetHandleVerifier [0x010EF7B7+594583]
GetHandleVerifier [0x010DB1D6+511158]
Ordinal0 [0x00FB402C+1130540]
Ordinal0 [0x00FBD4CB+1168587]
Ordinal0 [0x00FBD633+1168947]
Ordinal0 [0x00FD5B35+1268533]
BaseThreadInitThunk [0x76766359+25]
RtlGetAppContainerNamedObjectPath [0x778F7B74+228]
RtlGetAppContainerNamedObjectPath [0x778F7B44+180]

at java.base/jdk.internal.reflect.NativeConstructorAccessorImpl.newInstance0(Native Method)
at java.base/jdk.internal.reflect.NativeConstructorAccessorImpl.newInstance(NativeConstructorAccessorImpl.java:62)
at java.base/jdk.internal.reflect.DelegatingConstructorAccessorImpl.newInstance(DelegatingConstructorAccessorImpl.java:45)
at java.base/java.lang.reflect.Constructor.newInstanceWithCaller(Constructor.java:500)
at java.base/java.lang.reflect.Constructor.newInstance(Constructor.java:481)
at org.openqa.selenium.remote.W3CHandshakeResponse.lambda$errorHandler$0(W3CHandshakeResponse.java:62)
at org.openqa.selenium.remote.HandshakeResponse.lambda$getResponseFunction$0(HandshakeResponse.java:30)
at org.openqa.selenium.remote.ProtocolHandshake.lambda$createSession$0(ProtocolHandshake.java:126)
at java.base/java.util.stream.ReferencePipeline$3$1.accept(ReferencePipeline.java:195)
at java.base/java.util.Spliterators$ArraySpliterator.tryAdvance(Spliterators.java:958)
at java.base/java.util.stream.ReferencePipeline.forEachWithCancel(ReferencePipeline.java:127)
at java.base/java.util.stream.AbstractPipeline.copyIntoWithCancel(AbstractPipeline.java:502)
at java.base/java.util.stream.AbstractPipeline.copyInto(AbstractPipeline.java:488)
at java.base/java.util.stream.AbstractPipeline.wrapAndCopyInto(AbstractPipeline.java:474)
at java.base/java.util.stream.FindOps$FindOp.evaluateSequential(FindOps.java:150)
at java.base/java.util.stream.AbstractPipeline.evaluate(AbstractPipeline.java:234)
at java.base/java.util.stream.ReferencePipeline.findFirst(ReferencePipeline.java:543)
at org.openqa.selenium.remote.ProtocolHandshake.createSession(ProtocolHandshake.java:128)
at org.openqa.selenium.remote.ProtocolHandshake.createSession(ProtocolHandshake.java:74)
at org.openqa.selenium.remote.HttpCommandExecutor.execute(HttpCommandExecutor.java:136)
at org.openqa.selenium.remote.service.DriverCommandExecutor.execute(DriverCommandExecutor.java:83)
at org.openqa.selenium.remote.RemoteWebDriver.execute(RemoteWebDriver.java:552)
at org.openqa.selenium.remote.RemoteWebDriver.startSession(RemoteWebDriver.java:213)
at org.openqa.selenium.remote.RemoteWebDriver.<init>(RemoteWebDriver.java:131)
at org.openqa.selenium.chrome.ChromeDriver.<init>(ChromeDriver.java:181)
at org.openqa.selenium.chrome.ChromeDriver.<init>(ChromeDriver.java:168)
at org.openqa.selenium.chrome.ChromeDriver.<init>(ChromeDriver.java:123)
at allureReports.BaseClass.initialize_driver(BaseClass.java:20)
at allureReports.Contact.setupinstance(Contact.java:35)
at java.base/jdk.internal.reflect.NativeMethodAccessorImpl.invoke0(Native Method)
at java.base/jdk.internal.reflect.NativeMethodAccessorImpl.invoke(NativeMethodAccessorImpl.java:62)
at java.base/jdk.internal.reflect.DelegatingMethodAccessorImpl.invoke(DelegatingMethodAccessorImpl.java:43)
at java.base/java.lang.reflect.Method.invoke(Method.java:567)
at org.testng.internal.MethodInvocationHelper.invokeMethod(MethodInvocationHelper.java:135)
at org.testng.internal.MethodInvocationHelper.invokeMethodConsideringTimeout(MethodInvocationHelper.java:64)
at org.testng.internal.ConfigInvoker.invokeConfigurationMethod(ConfigInvoker.java:364)
at org.testng.internal.ConfigInvoker.invokeConfigurations(ConfigInvoker.java:318)
at org.testng.internal.TestMethodWorker.invokeBeforeClassMethods(TestMethodWorker.java:176)
at org.testng.internal.TestMethodWorker.run(TestMethodWorker.java:122)
at java.base/java.util.ArrayList.forEach(ArrayList.java:1540)
at org.testng.TestRunner.privateRun(TestRunner.java:767)
at org.testng.TestRunner.run(TestRunner.java:588)
at org.testng.SuiteRunner.runTest(SuiteRunner.java:384)
at org.testng.SuiteRunner.runSequentially(SuiteRunner.java:378)
at org.testng.SuiteRunner.privateRun(SuiteRunner.java:337)
at org.testng.SuiteRunner.run(SuiteRunner.java:286)
at org.testng.SuiteRunnerWorker.runSuite(SuiteRunnerWorker.java:53)
at org.testng.SuiteRunnerWorker.run(SuiteRunnerWorker.java:96)
at org.testng.TestNG.runSuitesSequentially(TestNG.java:1214)
at org.testng.TestNG.runSuitesLocally(TestNG.java:1136)
at org.testng.TestNG.runSuites(TestNG.java:1066)
at org.testng.TestNG.run(TestNG.java:1034)
at org.testng.remote.AbstractRemoteTestNG.run(AbstractRemoteTestNG.java:115)
at org.testng.remote.RemoteTestNG.initAndRun(RemoteTestNG.java:251)
at org.testng.remote.RemoteTestNG.main(RemoteTestNG.java:77)
]]>
    </failure>
  </testcase> <!-- @BeforeClass setupinstance -->
  <testcase classname="allureReports.AddProductsToCartandCheckout" name="@BeforeClass setupinstance" time="13.274">
    <failure type="org.openqa.selenium.WebDriverException" message="unknown error: Chrome failed to start: exited normally.
  (chrome not reachable)
  (The process started from chrome location C:\Program Files (x86)\Google\Chrome\Application\chrome.exe is no longer running, so ChromeDriver is assuming that Chrome has crashed.)
Build info: version: &amp;apos;3.141.59&amp;apos;, revision: &amp;apos;e82be7d358&amp;apos;, time: &amp;apos;2018-11-14T08:17:03&amp;apos;
System info: host: &amp;apos;FEMITUNDE&amp;apos;, ip: &amp;apos;192.168.0.27&amp;apos;, os.name: &amp;apos;Windows 10&amp;apos;, os.arch: &amp;apos;amd64&amp;apos;, os.version: &amp;apos;10.0&amp;apos;, java.version: &amp;apos;12.0.1&amp;apos;
Driver info: driver.version: ChromeDriver
remote stacktrace: Backtrace:
	Ordinal0 [0x01040C83+1707139]
	Ordinal0 [0x00FA68F1+1075441]
	Ordinal0 [0x00F1DFC9+516041]
	Ordinal0 [0x00EAD373+54131]
	Ordinal0 [0x00ECBFD7+180183]
	Ordinal0 [0x00ECBDDD+179677]
	Ordinal0 [0x00EC9D4B+171339]
	Ordinal0 [0x00EB1D4A+73034]
	Ordinal0 [0x00EB2DC0+77248]
	Ordinal0 [0x00EB2D59+77145]
	Ordinal0 [0x00FBBB67+1162087]
	GetHandleVerifier [0x010DA966+508998]
	GetHandleVerifier [0x010DA6A4+508292]
	GetHandleVerifier [0x010EF7B7+594583]
	GetHandleVerifier [0x010DB1D6+511158]
	Ordinal0 [0x00FB402C+1130540]
	Ordinal0 [0x00FBD4CB+1168587]
	Ordinal0 [0x00FBD633+1168947]
	Ordinal0 [0x00FD5B35+1268533]
	BaseThreadInitThunk [0x76766359+25]
	RtlGetAppContainerNamedObjectPath [0x778F7B74+228]
	RtlGetAppContainerNamedObjectPath [0x778F7B44+180]
">
      <![CDATA[org.openqa.selenium.WebDriverException: unknown error: Chrome failed to start: exited normally.
  (chrome not reachable)
  (The process started from chrome location C:\Program Files (x86)\Google\Chrome\Application\chrome.exe is no longer running, so ChromeDriver is assuming that Chrome has crashed.)
Build info: version: '3.141.59', revision: 'e82be7d358', time: '2018-11-14T08:17:03'
System info: host: 'FEMITUNDE', ip: '192.168.0.27', os.name: 'Windows 10', os.arch: 'amd64', os.version: '10.0', java.version: '12.0.1'
Driver info: driver.version: ChromeDriver
remote stacktrace: Backtrace:
Ordinal0 [0x01040C83+1707139]
Ordinal0 [0x00FA68F1+1075441]
Ordinal0 [0x00F1DFC9+516041]
Ordinal0 [0x00EAD373+54131]
Ordinal0 [0x00ECBFD7+180183]
Ordinal0 [0x00ECBDDD+179677]
Ordinal0 [0x00EC9D4B+171339]
Ordinal0 [0x00EB1D4A+73034]
Ordinal0 [0x00EB2DC0+77248]
Ordinal0 [0x00EB2D59+77145]
Ordinal0 [0x00FBBB67+1162087]
GetHandleVerifier [0x010DA966+508998]
GetHandleVerifier [0x010DA6A4+508292]
GetHandleVerifier [0x010EF7B7+594583]
GetHandleVerifier [0x010DB1D6+511158]
Ordinal0 [0x00FB402C+1130540]
Ordinal0 [0x00FBD4CB+1168587]
Ordinal0 [0x00FBD633+1168947]
Ordinal0 [0x00FD5B35+1268533]
BaseThreadInitThunk [0x76766359+25]
RtlGetAppContainerNamedObjectPath [0x778F7B74+228]
RtlGetAppContainerNamedObjectPath [0x778F7B44+180]

at java.base/jdk.internal.reflect.NativeConstructorAccessorImpl.newInstance0(Native Method)
at java.base/jdk.internal.reflect.NativeConstructorAccessorImpl.newInstance(NativeConstructorAccessorImpl.java:62)
at java.base/jdk.internal.reflect.DelegatingConstructorAccessorImpl.newInstance(DelegatingConstructorAccessorImpl.java:45)
at java.base/java.lang.reflect.Constructor.newInstanceWithCaller(Constructor.java:500)
at java.base/java.lang.reflect.Constructor.newInstance(Constructor.java:481)
at org.openqa.selenium.remote.W3CHandshakeResponse.lambda$errorHandler$0(W3CHandshakeResponse.java:62)
at org.openqa.selenium.remote.HandshakeResponse.lambda$getResponseFunction$0(HandshakeResponse.java:30)
at org.openqa.selenium.remote.ProtocolHandshake.lambda$createSession$0(ProtocolHandshake.java:126)
at java.base/java.util.stream.ReferencePipeline$3$1.accept(ReferencePipeline.java:195)
at java.base/java.util.Spliterators$ArraySpliterator.tryAdvance(Spliterators.java:958)
at java.base/java.util.stream.ReferencePipeline.forEachWithCancel(ReferencePipeline.java:127)
at java.base/java.util.stream.AbstractPipeline.copyIntoWithCancel(AbstractPipeline.java:502)
at java.base/java.util.stream.AbstractPipeline.copyInto(AbstractPipeline.java:488)
at java.base/java.util.stream.AbstractPipeline.wrapAndCopyInto(AbstractPipeline.java:474)
at java.base/java.util.stream.FindOps$FindOp.evaluateSequential(FindOps.java:150)
at java.base/java.util.stream.AbstractPipeline.evaluate(AbstractPipeline.java:234)
at java.base/java.util.stream.ReferencePipeline.findFirst(ReferencePipeline.java:543)
at org.openqa.selenium.remote.ProtocolHandshake.createSession(ProtocolHandshake.java:128)
at org.openqa.selenium.remote.ProtocolHandshake.createSession(ProtocolHandshake.java:74)
at org.openqa.selenium.remote.HttpCommandExecutor.execute(HttpCommandExecutor.java:136)
at org.openqa.selenium.remote.service.DriverCommandExecutor.execute(DriverCommandExecutor.java:83)
at org.openqa.selenium.remote.RemoteWebDriver.execute(RemoteWebDriver.java:552)
at org.openqa.selenium.remote.RemoteWebDriver.startSession(RemoteWebDriver.java:213)
at org.openqa.selenium.remote.RemoteWebDriver.<init>(RemoteWebDriver.java:131)
at org.openqa.selenium.chrome.ChromeDriver.<init>(ChromeDriver.java:181)
at org.openqa.selenium.chrome.ChromeDriver.<init>(ChromeDriver.java:168)
at org.openqa.selenium.chrome.ChromeDriver.<init>(ChromeDriver.java:123)
at allureReports.BaseClass.initialize_driver(BaseClass.java:20)
at allureReports.AddProductsToCartandCheckout.setupinstance(AddProductsToCartandCheckout.java:28)
at java.base/jdk.internal.reflect.NativeMethodAccessorImpl.invoke0(Native Method)
at java.base/jdk.internal.reflect.NativeMethodAccessorImpl.invoke(NativeMethodAccessorImpl.java:62)
at java.base/jdk.internal.reflect.DelegatingMethodAccessorImpl.invoke(DelegatingMethodAccessorImpl.java:43)
at java.base/java.lang.reflect.Method.invoke(Method.java:567)
at org.testng.internal.MethodInvocationHelper.invokeMethod(MethodInvocationHelper.java:135)
at org.testng.internal.MethodInvocationHelper.invokeMethodConsideringTimeout(MethodInvocationHelper.java:64)
at org.testng.internal.ConfigInvoker.invokeConfigurationMethod(ConfigInvoker.java:364)
at org.testng.internal.ConfigInvoker.invokeConfigurations(ConfigInvoker.java:318)
at org.testng.internal.TestMethodWorker.invokeBeforeClassMethods(TestMethodWorker.java:176)
at org.testng.internal.TestMethodWorker.run(TestMethodWorker.java:122)
at java.base/java.util.ArrayList.forEach(ArrayList.java:1540)
at org.testng.TestRunner.privateRun(TestRunner.java:767)
at org.testng.TestRunner.run(TestRunner.java:588)
at org.testng.SuiteRunner.runTest(SuiteRunner.java:384)
at org.testng.SuiteRunner.runSequentially(SuiteRunner.java:378)
at org.testng.SuiteRunner.privateRun(SuiteRunner.java:337)
at org.testng.SuiteRunner.run(SuiteRunner.java:286)
at org.testng.SuiteRunnerWorker.runSuite(SuiteRunnerWorker.java:53)
at org.testng.SuiteRunnerWorker.run(SuiteRunnerWorker.java:96)
at org.testng.TestNG.runSuitesSequentially(TestNG.java:1214)
at org.testng.TestNG.runSuitesLocally(TestNG.java:1136)
at org.testng.TestNG.runSuites(TestNG.java:1066)
at org.testng.TestNG.run(TestNG.java:1034)
at org.testng.remote.AbstractRemoteTestNG.run(AbstractRemoteTestNG.java:115)
at org.testng.remote.RemoteTestNG.initAndRun(RemoteTestNG.java:251)
at org.testng.remote.RemoteTestNG.main(RemoteTestNG.java:77)
]]>
    </failure>
  </testcase> <!-- @BeforeClass setupinstance -->
  <testcase classname="allureReports.AddProductsToCartandCheckout" name="@AfterTest teardown" time="-1.585677687943E9">
    <skipped/>
  </testcase> <!-- @AfterTest teardown -->
  <testcase classname="allureReports.Contact" name="@AfterTest teardown" time="-1.585677687946E9">
    <skipped/>
  </testcase> <!-- @AfterTest teardown -->
  <testcase classname="allureReports.FeaturedProduct" name="@AfterTest teardown" time="-1.58567768795E9">
    <skipped/>
  </testcase> <!-- @AfterTest teardown -->
  <testcase classname="allureReports.RegisterandLogin" name="@AfterTest afterTest" time="-1.585677687954E9">
    <skipped/>
  </testcase> <!-- @AfterTest afterTest -->
  <testcase classname="allureReports.RegisterandLogin" name="registrationTest" time="0.0">
    <skipped/>
  </testcase> <!-- registrationTest -->
  <testcase classname="allureReports.RegisterandLogin" name="login" time="0.0">
    <skipped/>
  </testcase> <!-- login -->
  <testcase classname="allureReports.FeaturedProduct" name="NavigateToFeaturedProduct" time="0.0">
    <skipped/>
  </testcase> <!-- NavigateToFeaturedProduct -->
  <testcase classname="allureReports.FeaturedProduct" name="newproduct" time="0.0">
    <skipped/>
  </testcase> <!-- newproduct -->
  <testcase classname="allureReports.Contact" name="verifycontactus" time="0.0">
    <skipped/>
  </testcase> <!-- verifycontactus -->
  <testcase classname="allureReports.Contact" name="recentlyviewedProducts" time="0.0">
    <skipped/>
  </testcase> <!-- recentlyviewedProducts -->
  <testcase classname="allureReports.AddProductsToCartandCheckout" name="addProducttocart" time="0.0">
    <skipped/>
  </testcase> <!-- addProducttocart -->
</testsuite> <!-- Default test -->
