<?xml version="1.0" encoding="UTF-8"?>
<!-- Generated by org.testng.reporters.JUnitXMLReporter -->
<testsuite ignored="0" hostname="FemiTunde" failures="0" tests="7" name="RegressionPack" time="78.724" errors="0" timestamp="2020-03-28T12:33:13 GMT">
  <testcase classname="allureReports.FeaturedProduct" name="NavigateToFeaturedProduct" time="5.431"/>
  <testcase classname="allureReports.FeaturedProduct" name="newproduct" time="2.051"/>
  <testcase classname="allureReports.RegisterandLogin" name="registrationTest" time="3.408"/>
  <testcase classname="allureReports.RegisterandLogin" name="login" time="3.5"/>
  <testcase classname="allureReports.AddProductsToCartandCheckout" name="addProducttocart" time="12.24"/>
  <testcase classname="allureReports.Contact" name="verifycontactus" time="2.523"/>
  <testcase classname="allureReports.Contact" name="recentlyviewedProducts" time="2.351"/>
</testsuite> <!-- RegressionPack -->
