<?xml version="1.0" encoding="UTF-8"?>
<!-- Generated by org.testng.reporters.JUnitXMLReporter -->
<testsuite ignored="0" hostname="FemiTunde" failures="0" tests="4" name="SmokeTest" time="34.427" errors="0" timestamp="2020-03-27T21:09:06 GMT">
  <testcase classname="allureReports.Contact" name="verifycontactus" time="1.881"/>
  <testcase classname="allureReports.Contact" name="recentlyviewedProducts" time="1.843"/>
  <testcase classname="allureReports.FeaturedProduct" name="NavigateToFeaturedProduct" time="5.228"/>
  <testcase classname="allureReports.FeaturedProduct" name="newproduct" time="2.235"/>
</testsuite> <!-- SmokeTest -->
