<?xml version="1.0" encoding="UTF-8"?>
<!-- Generated by org.testng.reporters.JUnitXMLReporter -->
<testsuite ignored="0" hostname="FemiTunde" failures="1" tests="2" name="SmokeTest" time="15.389" errors="0" timestamp="2020-03-31T20:05:34 BST">
  <testcase classname="allureReports.FeaturedProduct" name="NavigateToFeaturedProduct" time="6.311">
    <failure type="org.openqa.selenium.interactions.MoveTargetOutOfBoundsException" message="The target for mouse interaction is not in the browser&amp;apos;s viewport and cannot be brought into that viewport.
Build info: version: &amp;apos;3.141.59&amp;apos;, revision: &amp;apos;e82be7d358&amp;apos;, time: &amp;apos;2018-11-14T08:17:03&amp;apos;
System info: host: &amp;apos;FEMITUNDE&amp;apos;, ip: &amp;apos;192.168.0.27&amp;apos;, os.name: &amp;apos;Windows 10&amp;apos;, os.arch: &amp;apos;amd64&amp;apos;, os.version: &amp;apos;10.0&amp;apos;, java.version: &amp;apos;12.0.1&amp;apos;
Driver info: org.openqa.selenium.edge.EdgeDriver
Capabilities {acceptInsecureCerts: false, browserName: MicrosoftEdge, browserVersion: 44.18362.449.0, javascriptEnabled: true, pageLoadStrategy: normal, platform: WINDOWS, platformName: WINDOWS, proxy: Proxy(), setWindowRect: false, timeouts: {implicit: 0, pageLoad: 300000, script: 30000}}
Session ID: CB7C0B21-E4D3-4B37-AE30-F911B7CC2367">
      <![CDATA[org.openqa.selenium.interactions.MoveTargetOutOfBoundsException: The target for mouse interaction is not in the browser's viewport and cannot be brought into that viewport.
Build info: version: '3.141.59', revision: 'e82be7d358', time: '2018-11-14T08:17:03'
System info: host: 'FEMITUNDE', ip: '192.168.0.27', os.name: 'Windows 10', os.arch: 'amd64', os.version: '10.0', java.version: '12.0.1'
Driver info: org.openqa.selenium.edge.EdgeDriver
Capabilities {acceptInsecureCerts: false, browserName: MicrosoftEdge, browserVersion: 44.18362.449.0, javascriptEnabled: true, pageLoadStrategy: normal, platform: WINDOWS, platformName: WINDOWS, proxy: Proxy(), setWindowRect: false, timeouts: {implicit: 0, pageLoad: 300000, script: 30000}}
Session ID: CB7C0B21-E4D3-4B37-AE30-F911B7CC2367
at org.openqa.selenium.remote.http.W3CHttpResponseCodec.createException(W3CHttpResponseCodec.java:187)
at org.openqa.selenium.remote.http.W3CHttpResponseCodec.decode(W3CHttpResponseCodec.java:122)
at org.openqa.selenium.remote.http.W3CHttpResponseCodec.decode(W3CHttpResponseCodec.java:49)
at org.openqa.selenium.remote.HttpCommandExecutor.execute(HttpCommandExecutor.java:158)
at org.openqa.selenium.remote.service.DriverCommandExecutor.execute(DriverCommandExecutor.java:83)
at org.openqa.selenium.remote.RemoteWebDriver.execute(RemoteWebDriver.java:552)
at org.openqa.selenium.remote.RemoteWebDriver.perform(RemoteWebDriver.java:618)
at org.openqa.selenium.interactions.Actions$BuiltAction.perform(Actions.java:639)
at org.openqa.selenium.interactions.Actions.perform(Actions.java:595)
at allureReports.FeaturedProduct.NavigateToFeaturedProduct(FeaturedProduct.java:75)
at java.base/java.util.ArrayList.forEach(ArrayList.java:1540)
... Removed 32 stack frames]]>
    </failure>
  </testcase> <!-- NavigateToFeaturedProduct -->
  <testcase classname="allureReports.FeaturedProduct" name="newproduct" time="1.056"/>
</testsuite> <!-- SmokeTest -->
