<?xml version="1.0" encoding="UTF-8"?>
<!-- Generated by org.testng.reporters.JUnitXMLReporter -->
<testsuite ignored="0" hostname="FemiTunde" failures="0" tests="3" name="test" time="40.955" errors="0" timestamp="2020-03-20T19:45:01 GMT">
  <testcase classname="allureReports.RegisterandLogin" name="registrationTest" time="3.67"/>
  <testcase classname="allureReports.RegisterandLogin" name="login" time="2.03"/>
  <testcase classname="allureReports.AddProductsToCartandCheckout" name="addProducttocart" time="10.595"/>
</testsuite> <!-- test -->
