<?xml version="1.0" encoding="UTF-8"?>
<!-- Generated by org.testng.reporters.JUnitXMLReporter -->
<testsuite ignored="0" hostname="FemiTunde" failures="0" tests="3" name="Test" time="41.267" errors="0" timestamp="2020-03-21T14:38:50 GMT">
  <testcase classname="allureReports.RegisterandLogin" name="registrationTest" time="3.35"/>
  <testcase classname="allureReports.RegisterandLogin" name="login" time="2.212"/>
  <testcase classname="allureReports.AddProductsToCartandCheckout" name="addProducttocart" time="11.699"/>
</testsuite> <!-- Test -->
