<?xml version="1.0" encoding="UTF-8"?>
<!-- Generated by org.testng.reporters.JUnitXMLReporter -->
<testsuite ignored="0" hostname="FemiTunde" failures="0" tests="5" name="SmokeTest" time="77.155" errors="0" timestamp="2020-03-25T18:27:22 GMT">
  <testcase classname="allureReports.FeaturedProduct" name="NavigateToFeaturedProduct" time="3.467"/>
  <testcase classname="allureReports.Contact" name="verifycontactus" time="1.922"/>
  <testcase classname="allureReports.RegisterandLogin" name="registrationTest" time="3.097"/>
  <testcase classname="allureReports.RegisterandLogin" name="login" time="4.074"/>
  <testcase classname="allureReports.AddProductsToCartandCheckout" name="addProducttocart" time="14.109"/>
</testsuite> <!-- SmokeTest -->
