<?xml version="1.0" encoding="UTF-8"?>
<!-- Generated by org.testng.reporters.JUnitXMLReporter -->
<testsuite hostname="FemiTunde" ignored="0" name="SmokeTest" tests="4" failures="0" timestamp="2020-03-27T22:47:57 GMT" time="36.082" errors="0">
  <testcase name="verifycontactus" time="1.969" classname="allureReports.Contact"/>
  <testcase name="recentlyviewedProducts" time="2.233" classname="allureReports.Contact"/>
  <testcase name="NavigateToFeaturedProduct" time="5.607" classname="allureReports.FeaturedProduct"/>
  <testcase name="newproduct" time="2.454" classname="allureReports.FeaturedProduct"/>
</testsuite> <!-- SmokeTest -->
