<?xml version="1.0" encoding="UTF-8"?>
<!-- Generated by org.testng.reporters.JUnitXMLReporter -->
<testsuite ignored="0" hostname="FemiTunde" failures="1" tests="3" name="Test" time="14.323" errors="0" timestamp="2020-03-17T14:18:33 GMT">
  <testcase classname="allureReports.Test1" name="logoPresence" time="0.166"/>
  <testcase classname="allureReports.Test1" name="loginTest" time="1.848">
    <failure type="java.lang.AssertionError" message="expected [nopCommerce demore store] but found [nopCommerce demo store. Login]">
      <![CDATA[java.lang.AssertionError: expected [nopCommerce demore store] but found [nopCommerce demo store. Login]
at allureReports.Test1.loginTest(Test1.java:59)
at java.base/java.util.ArrayList.forEach(ArrayList.java:1540)
... Removed 35 stack frames]]>
    </failure>
  </testcase> <!-- loginTest -->
  <testcase classname="allureReports.Test1" name="registrationTest" time="0.003">
    <skipped/>
  </testcase> <!-- registrationTest -->
</testsuite> <!-- Test -->
