<?xml version="1.0" encoding="UTF-8"?>
<!-- Generated by org.testng.reporters.JUnitXMLReporter -->
<testsuite ignored="0" hostname="FemiTunde" failures="0" tests="4" name="Test" time="72.336" errors="0" timestamp="2020-03-24T21:41:01 GMT">
  <testcase classname="allureReports.RegisterandLogin" name="registrationTest" time="4.681"/>
  <testcase classname="allureReports.RegisterandLogin" name="login" time="3.229"/>
  <testcase classname="allureReports.AddProductsToCartandCheckout" name="addProducttocart" time="17.079"/>
  <testcase classname="allureReports.FeaturedProduct" name="NavigateToFeaturedProduct" time="3.373"/>
</testsuite> <!-- Test -->
