<?xml version="1.0" encoding="UTF-8"?>
<!-- Generated by org.testng.reporters.JUnitXMLReporter -->
<testsuite ignored="0" hostname="FemiTunde" failures="0" tests="3" name="test" time="44.163" errors="0" timestamp="2020-03-19T20:09:30 GMT">
  <testcase classname="allureReports.RegisterandLogin" name="registrationTest" time="3.636"/>
  <testcase classname="allureReports.RegisterandLogin" name="login" time="3.254"/>
  <testcase classname="allureReports.AddProductsToCartandCheckout" name="addProducttocart" time="11.357"/>
</testsuite> <!-- test -->
