<?xml version="1.0" encoding="UTF-8"?>
<testng-results ignored="0" total="1" passed="1" failed="0" skipped="0">
  <reporter-output>
  </reporter-output>
  <suite started-at="2020-03-17T20:04:49 GMT" name="Suite" finished-at="2020-03-17T20:05:05 GMT" duration-ms="15857">
    <groups>
    </groups>
    <test started-at="2020-03-17T20:04:49 GMT" name="Register" finished-at="2020-03-17T20:05:05 GMT" duration-ms="15857">
      <class name="allureReports.RegisterandLogin">
        <test-method is-config="true" signature="setupinstance()[pri:0, instance:allureReports.RegisterandLogin@2638011]" started-at="2020-03-17T20:04:49 GMT" name="setupinstance" finished-at="2020-03-17T20:05:01 GMT" duration-ms="12023" status="PASS">
          <reporter-output>
          </reporter-output>
        </test-method> <!-- setupinstance -->
        <test-method signature="registrationTest()[pri:1, instance:allureReports.RegisterandLogin@2638011]" started-at="2020-03-17T20:05:01 GMT" name="registrationTest" finished-at="2020-03-17T20:05:04 GMT" duration-ms="2859" status="PASS">
          <reporter-output>
          </reporter-output>
        </test-method> <!-- registrationTest -->
        <test-method is-config="true" signature="afterTest()[pri:0, instance:allureReports.RegisterandLogin@2638011]" started-at="2020-03-17T20:05:04 GMT" name="afterTest" finished-at="2020-03-17T20:05:05 GMT" duration-ms="822" status="PASS">
          <reporter-output>
          </reporter-output>
        </test-method> <!-- afterTest -->
      </class> <!-- allureReports.RegisterandLogin -->
    </test> <!-- Register -->
  </suite> <!-- Suite -->
</testng-results>
