<?xml version="1.0" encoding="UTF-8"?>
<testng-results ignored="0" total="3" passed="3" failed="0" skipped="0">
  <reporter-output>
  </reporter-output>
  <suite started-at="2020-03-19T20:08:46 GMT" name="Suite" finished-at="2020-03-19T20:09:30 GMT" duration-ms="44163">
    <groups>
    </groups>
    <test started-at="2020-03-19T20:08:46 GMT" name="test" finished-at="2020-03-19T20:09:30 GMT" duration-ms="44163">
      <class name="allureReports.RegisterandLogin">
        <test-method is-config="true" signature="setupinstance()[pri:0, instance:allureReports.RegisterandLogin@2f465398]" started-at="2020-03-19T20:08:46 GMT" name="setupinstance" finished-at="2020-03-19T20:08:58 GMT" duration-ms="12493" status="PASS">
          <reporter-output>
          </reporter-output>
        </test-method> <!-- setupinstance -->
        <test-method signature="registrationTest()[pri:1, instance:allureReports.RegisterandLogin@2f465398]" started-at="2020-03-19T20:08:58 GMT" name="registrationTest" finished-at="2020-03-19T20:09:02 GMT" duration-ms="3636" status="PASS">
          <reporter-output>
          </reporter-output>
        </test-method> <!-- registrationTest -->
        <test-method signature="login()[pri:2, instance:allureReports.RegisterandLogin@2f465398]" started-at="2020-03-19T20:09:02 GMT" name="login" finished-at="2020-03-19T20:09:05 GMT" duration-ms="3254" status="PASS">
          <reporter-output>
          </reporter-output>
        </test-method> <!-- login -->
        <test-method is-config="true" signature="afterTest()[pri:0, instance:allureReports.RegisterandLogin@2f465398]" started-at="2020-03-19T20:09:29 GMT" name="afterTest" finished-at="2020-03-19T20:09:30 GMT" duration-ms="757" status="PASS">
          <reporter-output>
          </reporter-output>
        </test-method> <!-- afterTest -->
      </class> <!-- allureReports.RegisterandLogin -->
      <class name="allureReports.AddProductsToCartandCheckout">
        <test-method is-config="true" signature="setupinstance()[pri:0, instance:allureReports.AddProductsToCartandCheckout@548e6d58]" started-at="2020-03-19T20:09:05 GMT" name="setupinstance" finished-at="2020-03-19T20:09:17 GMT" duration-ms="11885" status="PASS">
          <reporter-output>
          </reporter-output>
        </test-method> <!-- setupinstance -->
        <test-method signature="addProducttocart()[pri:3, instance:allureReports.AddProductsToCartandCheckout@548e6d58]" started-at="2020-03-19T20:09:17 GMT" name="addProducttocart" finished-at="2020-03-19T20:09:28 GMT" duration-ms="11357" status="PASS">
          <reporter-output>
          </reporter-output>
        </test-method> <!-- addProducttocart -->
        <test-method is-config="true" signature="teardown()[pri:0, instance:allureReports.AddProductsToCartandCheckout@548e6d58]" started-at="2020-03-19T20:09:28 GMT" name="teardown" finished-at="2020-03-19T20:09:29 GMT" duration-ms="664" status="PASS">
          <reporter-output>
          </reporter-output>
        </test-method> <!-- teardown -->
      </class> <!-- allureReports.AddProductsToCartandCheckout -->
    </test> <!-- test -->
  </suite> <!-- Suite -->
</testng-results>
