<?xml version="1.0" encoding="UTF-8"?>
<testng-results ignored="0" total="2" passed="2" failed="0" skipped="0">
  <reporter-output>
  </reporter-output>
  <suite started-at="2020-03-26T09:35:37 GMT" name="Default suite" finished-at="2020-03-26T09:36:04 GMT" duration-ms="26495">
    <groups>
    </groups>
    <test started-at="2020-03-26T09:35:37 GMT" name="Default test" finished-at="2020-03-26T09:36:04 GMT" duration-ms="26495">
      <class name="allureReports.Contact">
        <test-method is-config="true" signature="setupinstance()[pri:0, instance:allureReports.Contact@71238fc2]" started-at="2020-03-26T09:35:37 GMT" name="setupinstance" finished-at="2020-03-26T09:35:57 GMT" duration-ms="19963" status="PASS">
          <reporter-output>
          </reporter-output>
        </test-method> <!-- setupinstance -->
        <test-method signature="verifycontactus()[pri:2, instance:allureReports.Contact@71238fc2]" started-at="2020-03-26T09:35:57 GMT" name="verifycontactus" finished-at="2020-03-26T09:36:01 GMT" duration-ms="3902" status="PASS">
          <reporter-output>
          </reporter-output>
        </test-method> <!-- verifycontactus -->
        <test-method signature="recentlyviewedProducts()[pri:3, instance:allureReports.Contact@71238fc2]" started-at="2020-03-26T09:36:01 GMT" name="recentlyviewedProducts" finished-at="2020-03-26T09:36:04 GMT" duration-ms="2446" status="PASS">
          <reporter-output>
          </reporter-output>
        </test-method> <!-- recentlyviewedProducts -->
      </class> <!-- allureReports.Contact -->
    </test> <!-- Default test -->
  </suite> <!-- Default suite -->
</testng-results>
