<?xml version="1.0" encoding="UTF-8"?>
<testng-results ignored="0" total="2" passed="2" failed="0" skipped="0">
  <reporter-output>
  </reporter-output>
  <suite started-at="2020-03-18T22:05:24 GMT" name="Default suite" finished-at="2020-03-18T22:05:43 GMT" duration-ms="19043">
    <groups>
    </groups>
    <test started-at="2020-03-18T22:05:24 GMT" name="Default test" finished-at="2020-03-18T22:05:43 GMT" duration-ms="19043">
      <class name="allureReports.RegisterandLogin">
        <test-method is-config="true" signature="setupinstance()[pri:0, instance:allureReports.RegisterandLogin@fa49800]" started-at="2020-03-18T22:05:24 GMT" name="setupinstance" finished-at="2020-03-18T22:05:37 GMT" duration-ms="12384" status="PASS">
          <reporter-output>
          </reporter-output>
        </test-method> <!-- setupinstance -->
        <test-method signature="registrationTest()[pri:1, instance:allureReports.RegisterandLogin@fa49800]" started-at="2020-03-18T22:05:37 GMT" name="registrationTest" finished-at="2020-03-18T22:05:40 GMT" duration-ms="3394" status="PASS">
          <reporter-output>
          </reporter-output>
        </test-method> <!-- registrationTest -->
        <test-method signature="login()[pri:2, instance:allureReports.RegisterandLogin@fa49800]" started-at="2020-03-18T22:05:40 GMT" name="login" finished-at="2020-03-18T22:05:43 GMT" duration-ms="2368" status="PASS">
          <reporter-output>
          </reporter-output>
        </test-method> <!-- login -->
        <test-method is-config="true" signature="afterTest()[pri:0, instance:allureReports.RegisterandLogin@fa49800]" started-at="2020-03-18T22:05:43 GMT" name="afterTest" finished-at="2020-03-18T22:05:43 GMT" duration-ms="750" status="PASS">
          <reporter-output>
          </reporter-output>
        </test-method> <!-- afterTest -->
      </class> <!-- allureReports.RegisterandLogin -->
    </test> <!-- Default test -->
  </suite> <!-- Default suite -->
</testng-results>
